<?xml version="1.0" encoding="UTF-8"?>
<!-- Generated by org.testng.reporters.JUnitReportReporter -->
<testsuite hostname="Sai-PC" failures="0" tests="1" name="Test1.fileread" time="0.008" errors="0" timestamp="23 May 2018 11:27:44 GMT" skipped="0">
  <testcase classname="Test1.fileread" name="filereader1" time="0.008"/>
</testsuite> <!-- Test1.fileread -->
