<?xml version="1.0" encoding="UTF-8"?>
<!-- Generated by org.testng.reporters.JUnitReportReporter -->
<testsuite hostname="Sai-PC" failures="0" tests="2" name="Test1.Testclass" time="0.015" errors="0" timestamp="18 May 2018 11:20:40 GMT" skipped="0">
  <testcase classname="Test1.Testclass" name="ms" time="0.015"/>
  <testcase classname="Test1.Testclass" name="Factriol" time="0.000"/>
</testsuite> <!-- Test1.Testclass -->
